<?xml version="1.0" encoding="UTF-8"?>
<!-- Generated by org.testng.reporters.JUnitReportReporter -->
<testsuite hostname="LP-5CD8220QFD" name="com.hcl.taf.Main" tests="1" failures="0" timestamp="26 Nov 2020 12:43:38 GMT" time="8.306" errors="0">
  <testcase name="setUp" time="8.306" classname="com.hcl.taf.Main"/>
</testsuite> <!-- com.hcl.taf.Main -->
