<?xml version="1.0" encoding="UTF-8"?>
<!-- Generated by org.testng.reporters.JUnitReportReporter -->
<testsuite hostname="LP-5CD8220QFD" name="com.hcl.taf.TC1" tests="1" failures="0" timestamp="26 Nov 2020 12:43:38 GMT" time="6.408" errors="0">
  <testcase name="WebTCMethod" time="6.408" classname="com.hcl.taf.TC1"/>
</testsuite> <!-- com.hcl.taf.TC1 -->
